TN:
SF:src\App.jsx
FN:15,(anonymous_0)
FN:28,(anonymous_1)
FNF:2
FNH:0
FNDA:0,(anonymous_0)
FNDA:0,(anonymous_1)
DA:13,0
DA:15,0
DA:16,0
DA:17,0
DA:28,0
DA:29,0
LF:6
LH:0
BRF:0
BRH:0
end_of_record
TN:
SF:src\components\Achievements.jsx
FN:11,(anonymous_0)
FN:82,(anonymous_1)
FN:185,(anonymous_2)
FNF:3
FNH:3
FNDA:1,(anonymous_0)
FNDA:3,(anonymous_1)
FNDA:4,(anonymous_2)
DA:11,1
DA:12,1
DA:39,1
DA:62,1
DA:83,3
DA:85,3
DA:125,3
DA:186,4
LF:8
LH:8
BRDA:130,0,0,3
BRDA:130,0,1,0
BRF:2
BRH:1
end_of_record
TN:
SF:src\components\Contact.jsx
FN:6,(anonymous_0)
FN:8,(anonymous_1)
FN:97,(anonymous_2)
FNF:3
FNH:3
FNDA:3,(anonymous_0)
FNDA:2,(anonymous_1)
FNDA:9,(anonymous_2)
DA:6,3
DA:8,3
DA:9,2
DA:10,2
DA:11,2
DA:12,2
DA:13,2
DA:14,2
DA:16,2
DA:17,2
DA:23,2
DA:24,2
DA:29,2
DA:30,2
DA:31,2
DA:32,1
DA:38,1
DA:39,1
DA:41,0
DA:44,3
DA:65,3
DA:98,9
DA:99,9
LF:23
LH:22
BRDA:6,0,0,2
BRDA:12,1,0,2
BRDA:12,1,1,0
BRDA:13,2,0,2
BRDA:13,2,1,0
BRDA:14,3,0,2
BRDA:14,3,1,0
BRDA:16,4,0,2
BRDA:16,4,1,0
BRDA:18,5,0,2
BRDA:18,5,1,0
BRDA:19,6,0,2
BRDA:19,6,1,0
BRDA:21,7,0,2
BRDA:21,7,1,0
BRDA:30,8,0,2
BRDA:30,8,1,0
BRF:17
BRH:9
end_of_record
TN:
SF:src\components\Education.jsx
FN:6,(anonymous_0)
FN:52,(anonymous_1)
FNF:2
FNH:2
FNDA:2,(anonymous_0)
FNDA:6,(anonymous_1)
DA:6,2
DA:7,2
DA:32,2
DA:53,6
LF:4
LH:4
BRDA:109,0,0,6
BRDA:109,0,1,2
BRF:2
BRH:2
end_of_record
TN:
SF:src\components\ErrorBoundary.jsx
FN:4,(anonymous_0)
FN:10,(anonymous_1)
FN:14,(anonymous_2)
FN:20,(anonymous_3)
FN:35,(anonymous_4)
FNF:5
FNH:5
FNDA:3,(anonymous_0)
FNDA:2,(anonymous_1)
FNDA:1,(anonymous_2)
FNDA:1,(anonymous_3)
FNDA:5,(anonymous_4)
DA:5,3
DA:6,2
DA:7,2
DA:11,2
DA:16,1
DA:17,1
DA:23,1
DA:24,1
DA:25,1
DA:28,0
DA:36,5
DA:37,3
DA:56,2
LF:13
LH:12
BRDA:24,0,0,1
BRDA:24,0,1,0
BRDA:36,1,0,3
BRDA:36,1,1,2
BRDA:44,2,0,3
BRDA:44,2,1,3
BRDA:46,3,0,3
BRDA:46,3,1,0
BRF:8
BRH:6
end_of_record
TN:
SF:src\components\Experience.jsx
FN:6,(anonymous_0)
FN:59,(anonymous_1)
FN:132,(anonymous_2)
FN:148,(anonymous_3)
FNF:4
FNH:4
FNDA:2,(anonymous_0)
FNDA:4,(anonymous_1)
FNDA:14,(anonymous_2)
FNDA:20,(anonymous_3)
DA:6,2
DA:7,2
DA:39,2
DA:60,4
DA:133,14
DA:149,20
LF:6
LH:6
BRDA:66,0,0,4
BRDA:66,0,1,2
BRF:2
BRH:2
end_of_record
TN:
SF:src\components\Header.jsx
FN:7,(anonymous_0)
FN:14,(anonymous_1)
FN:15,(anonymous_2)
FN:16,(anonymous_3)
FN:19,(anonymous_4)
FN:26,(anonymous_5)
FN:32,(anonymous_6)
FN:37,(anonymous_7)
FN:38,(anonymous_8)
FN:42,(anonymous_9)
FN:46,(anonymous_10)
FN:47,(anonymous_11)
FN:56,(anonymous_12)
FN:63,(anonymous_13)
FN:64,(anonymous_14)
FN:81,(anonymous_15)
FN:95,(anonymous_16)
FN:138,(anonymous_17)
FN:141,(anonymous_18)
FN:167,(anonymous_19)
FN:185,(anonymous_20)
FN:189,(anonymous_21)
FN:192,(anonymous_22)
FNF:23
FNH:22
FNDA:23,(anonymous_0)
FNDA:11,(anonymous_1)
FNDA:1,(anonymous_2)
FNDA:1,(anonymous_3)
FNDA:11,(anonymous_4)
FNDA:17,(anonymous_5)
FNDA:17,(anonymous_6)
FNDA:11,(anonymous_7)
FNDA:2,(anonymous_8)
FNDA:11,(anonymous_9)
FNDA:11,(anonymous_10)
FNDA:14,(anonymous_11)
FNDA:11,(anonymous_12)
FNDA:11,(anonymous_13)
FNDA:13,(anonymous_14)
FNDA:11,(anonymous_15)
FNDA:1,(anonymous_16)
FNDA:168,(anonymous_17)
FNDA:1,(anonymous_18)
FNDA:5,(anonymous_19)
FNDA:1,(anonymous_20)
FNDA:24,(anonymous_21)
FNDA:0,(anonymous_22)
DA:7,5
DA:8,23
DA:9,21
DA:11,21
DA:14,21
DA:15,11
DA:16,11
DA:17,11
DA:18,11
DA:19,11
DA:20,11
DA:21,11
DA:26,21
DA:27,17
DA:28,3
DA:30,14
DA:32,17
DA:33,17
DA:37,21
DA:38,11
DA:39,2
DA:41,11
DA:42,11
DA:46,21
DA:47,11
DA:48,14
DA:49,14
DA:50,14
DA:51,14
DA:53,11
DA:54,11
DA:55,11
DA:56,11
DA:57,11
DA:58,11
DA:63,21
DA:64,11
DA:65,13
DA:66,10
DA:68,10
DA:69,10
DA:70,6
DA:71,6
DA:72,6
DA:73,6
DA:74,6
DA:79,11
DA:80,11
DA:81,11
DA:84,21
DA:95,21
DA:96,1
DA:97,1
DA:99,1
DA:100,1
DA:101,1
DA:102,1
DA:103,1
DA:105,1
DA:110,21
DA:139,168
DA:141,1
DA:167,5
DA:185,1
DA:190,24
DA:192,0
LF:66
LH:65
BRDA:27,0,0,3
BRDA:27,0,1,14
BRDA:49,1,0,14
BRDA:49,1,1,0
BRDA:65,2,0,10
BRDA:65,2,1,3
BRDA:69,3,0,6
BRDA:69,3,1,4
BRDA:71,4,0,6
BRDA:71,4,1,0
BRDA:97,5,0,1
BRDA:97,5,1,0
BRDA:100,6,0,1
BRDA:100,6,1,0
BRDA:113,7,0,1
BRDA:113,7,1,20
BRDA:118,8,0,21
BRDA:118,8,1,1
BRDA:151,9,0,21
BRDA:151,9,1,21
BRDA:173,10,0,3
BRDA:173,10,1,18
BRDA:182,11,0,21
BRDA:182,11,1,3
BRDA:199,12,0,3
BRDA:199,12,1,3
BRF:26
BRH:22
end_of_record
TN:
SF:src\components\Hero.jsx
FN:12,(anonymous_0)
FN:19,(anonymous_1)
FN:35,(anonymous_2)
FN:45,(anonymous_3)
FN:53,(anonymous_4)
FN:111,(anonymous_5)
FNF:6
FNH:3
FNDA:4,(anonymous_0)
FNDA:0,(anonymous_1)
FNDA:0,(anonymous_2)
FNDA:4,(anonymous_3)
FNDA:4,(anonymous_4)
FNDA:0,(anonymous_5)
DA:12,3
DA:15,4
DA:16,4
DA:17,4
DA:19,4
DA:20,0
DA:21,0
DA:22,0
DA:23,0
DA:24,0
DA:25,0
DA:26,0
DA:27,0
DA:28,0
DA:29,0
DA:30,0
DA:31,0
DA:32,0
DA:35,4
DA:38,4
DA:39,4
DA:40,4
DA:41,4
DA:42,4
DA:45,4
DA:46,4
DA:47,4
DA:48,4
DA:49,4
DA:51,4
DA:52,4
DA:53,4
DA:54,4
DA:60,4
DA:111,0
LF:35
LH:21
BRDA:21,0,0,0
BRDA:21,0,1,0
BRDA:40,1,0,1
BRDA:40,1,1,3
BRDA:41,2,0,1
BRDA:41,2,1,3
BRDA:42,3,0,1
BRDA:42,3,1,3
BRDA:64,4,0,1
BRDA:64,4,1,3
BRDA:65,5,0,1
BRDA:65,5,1,3
BRDA:66,6,0,1
BRDA:66,6,1,3
BRDA:275,7,0,4
BRDA:275,7,1,4
BRF:16
BRH:14
end_of_record
TN:
SF:src\components\PageTransition.jsx
FN:9,PageTransition
FNF:1
FNH:1
FNDA:1,PageTransition
DA:3,1
DA:10,1
LF:2
LH:2
BRDA:9,0,0,1
BRF:1
BRH:1
end_of_record
TN:
SF:src\components\ProfileAvatar.react.jsx
FN:16,ProfileAvatar
FN:33,(anonymous_1)
FN:45,(anonymous_2)
FNF:3
FNH:1
FNDA:1,ProfileAvatar
FNDA:0,(anonymous_1)
FNDA:0,(anonymous_2)
DA:23,1
DA:24,1
DA:27,1
DA:28,1
DA:29,1
DA:30,1
DA:31,1
DA:33,1
DA:34,0
DA:35,0
DA:36,0
DA:37,0
DA:38,0
DA:39,0
DA:40,0
DA:41,0
DA:42,0
DA:43,0
DA:45,1
DA:46,0
DA:47,0
DA:51,1
DA:55,1
DA:59,1
LF:24
LH:12
BRDA:18,0,0,0
BRDA:19,1,0,1
BRDA:20,2,0,1
BRDA:35,3,0,0
BRDA:35,3,1,0
BRDA:51,4,0,1
BRDA:51,4,1,0
BRDA:55,5,0,1
BRDA:55,5,1,0
BRDA:66,6,0,1
BRDA:66,6,1,0
BRDA:73,7,0,1
BRDA:73,7,1,0
BRDA:108,8,0,1
BRDA:108,8,1,0
BRF:15
BRH:7
end_of_record
TN:
SF:src\components\Projects.jsx
FN:7,(anonymous_0)
FN:61,(anonymous_1)
FN:106,(anonymous_2)
FN:128,(anonymous_3)
FNF:4
FNH:4
FNDA:1,(anonymous_0)
FNDA:2,(anonymous_1)
FNDA:6,(anonymous_2)
FNDA:9,(anonymous_3)
DA:7,1
DA:8,1
DA:41,1
DA:62,2
DA:63,2
DA:107,6
DA:129,9
LF:7
LH:7
BRDA:145,0,0,2
BRDA:145,0,1,0
BRDA:160,1,0,2
BRDA:160,1,1,0
BRF:4
BRH:2
end_of_record
TN:
SF:src\components\ScrollDown.jsx
FN:3,(anonymous_0)
FN:4,(anonymous_1)
FNF:2
FNH:2
FNDA:1,(anonymous_0)
FNDA:1,(anonymous_1)
DA:3,1
DA:4,1
DA:5,1
DA:6,1
DA:7,0
DA:8,0
DA:11,1
DA:12,1
DA:15,1
LF:9
LH:7
BRDA:6,0,0,0
BRDA:6,0,1,1
BRDA:6,1,0,1
BRDA:6,1,1,0
BRDA:11,2,0,1
BRDA:11,2,1,1
BRF:6
BRH:4
end_of_record
TN:
SF:src\components\ScrollProgress.jsx
FN:4,ScrollProgress
FN:12,(anonymous_1)
FN:20,(anonymous_2)
FN:23,(anonymous_3)
FN:33,(anonymous_4)
FN:39,(anonymous_5)
FN:45,(anonymous_6)
FN:53,(anonymous_7)
FN:87,(anonymous_8)
FNF:9
FNH:7
FNDA:6,ScrollProgress
FNDA:12,(anonymous_1)
FNDA:6,(anonymous_2)
FNDA:9,(anonymous_3)
FNDA:5,(anonymous_4)
FNDA:0,(anonymous_5)
FNDA:0,(anonymous_6)
FNDA:6,(anonymous_7)
FNDA:12,(anonymous_8)
DA:5,6
DA:8,6
DA:9,6
DA:12,12
DA:13,6
DA:14,6
DA:17,6
DA:18,6
DA:20,6
DA:21,6
DA:23,6
DA:24,9
DA:26,9
DA:27,9
DA:28,9
DA:29,9
DA:30,9
DA:33,6
DA:34,5
DA:35,4
DA:36,4
DA:39,6
DA:41,0
DA:45,6
DA:46,6
DA:48,6
DA:49,6
DA:51,6
DA:53,6
DA:54,6
DA:55,6
DA:56,6
DA:57,6
DA:61,6
DA:87,12
LF:35
LH:34
BRDA:26,0,0,9
BRDA:26,0,1,8
BRDA:26,0,2,6
BRDA:34,1,0,1
BRDA:34,1,1,4
BRDA:78,2,0,0
BRDA:78,2,1,6
BRDA:79,3,0,0
BRDA:79,3,1,6
BRDA:92,4,0,0
BRDA:92,4,1,6
BRDA:93,5,0,0
BRDA:93,5,1,6
BRDA:106,6,0,0
BRDA:106,6,1,6
BRDA:107,7,0,0
BRDA:107,7,1,6
BRF:17
BRH:11
end_of_record
TN:
SF:src\components\ScrollToTop.jsx
FN:5,(anonymous_0)
FN:12,(anonymous_1)
FN:16,(anonymous_2)
FN:26,(anonymous_3)
FN:31,(anonymous_4)
FN:33,(anonymous_5)
FN:40,(anonymous_6)
FN:48,(anonymous_7)
FNF:8
FNH:6
FNDA:2,(anonymous_0)
FNDA:2,(anonymous_1)
FNDA:2,(anonymous_2)
FNDA:1,(anonymous_3)
FNDA:0,(anonymous_4)
FNDA:0,(anonymous_5)
FNDA:2,(anonymous_6)
FNDA:1,(anonymous_7)
DA:5,2
DA:6,2
DA:7,2
DA:8,2
DA:9,2
DA:10,2
DA:12,2
DA:13,2
DA:14,2
DA:16,2
DA:17,2
DA:18,2
DA:19,2
DA:20,2
DA:21,2
DA:23,2
DA:26,2
DA:27,1
DA:28,1
DA:29,1
DA:31,2
DA:33,2
DA:34,2
DA:36,2
DA:37,2
DA:38,2
DA:40,2
DA:41,2
DA:42,2
DA:43,2
DA:44,2
DA:48,2
DA:49,1
DA:50,1
DA:53,2
DA:54,2
DA:55,2
DA:57,2
LF:38
LH:38
BRDA:14,0,0,2
BRDA:14,0,1,2
BRDA:18,1,0,2
BRDA:18,1,1,2
BRDA:18,1,2,2
BRDA:23,2,0,2
BRDA:23,2,1,2
BRDA:27,3,0,0
BRDA:27,3,1,1
BRDA:49,4,0,0
BRDA:49,4,1,1
BRDA:61,5,0,0
BRDA:61,5,1,2
BRF:13
BRH:10
end_of_record
TN:
SF:src\components\SectionDivider.jsx
FN:1,(anonymous_0)
FNF:1
FNH:1
FNDA:7,(anonymous_0)
DA:1,2
DA:2,7
LF:2
LH:2
BRF:0
BRH:0
end_of_record
TN:
SF:src\components\Skills.jsx
FN:6,(anonymous_0)
FN:70,(anonymous_1)
FN:115,(anonymous_2)
FNF:3
FNH:3
FNDA:2,(anonymous_0)
FNDA:12,(anonymous_1)
FNDA:80,(anonymous_2)
DA:6,2
DA:7,2
DA:46,2
DA:51,2
DA:71,12
DA:72,12
DA:116,80
LF:7
LH:7
BRF:0
BRH:0
end_of_record
TN:
SF:src\components\Volunteering.jsx
FN:5,(anonymous_0)
FN:57,(anonymous_1)
FN:97,(anonymous_2)
FNF:3
FNH:3
FNDA:2,(anonymous_0)
FNDA:6,(anonymous_1)
FNDA:14,(anonymous_2)
DA:5,2
DA:6,2
DA:42,2
DA:58,6
DA:59,6
DA:98,14
LF:6
LH:6
BRDA:58,0,0,6
BRDA:58,0,1,0
BRDA:95,1,0,6
BRDA:95,1,1,4
BRF:4
BRH:3
end_of_record
TN:
SF:src\config\site.js
FNF:0
FNH:0
DA:4,7
DA:7,7
LF:2
LH:2
BRF:0
BRH:0
end_of_record
TN:
SF:src\hooks\use-mobile.jsx
FN:5,useIsMobile
FN:8,(anonymous_1)
FN:10,(anonymous_2)
FN:16,(anonymous_3)
FNF:4
FNH:4
FNDA:3,useIsMobile
FNDA:1,(anonymous_1)
FNDA:1,(anonymous_2)
FNDA:1,(anonymous_3)
DA:3,1
DA:6,3
DA:8,3
DA:9,1
DA:10,1
DA:11,1
DA:13,1
DA:14,0
DA:15,1
DA:16,1
DA:17,1
DA:18,0
DA:22,3
LF:13
LH:11
BRDA:13,0,0,1
BRDA:13,0,1,0
BRDA:14,1,0,0
BRDA:14,1,1,0
BRDA:17,2,0,1
BRDA:17,2,1,0
BRDA:18,3,0,0
BRDA:18,3,1,0
BRF:8
BRH:2
end_of_record
TN:
SF:src\hooks\use-reduced-motion.js
FN:3,usePrefersReducedMotion
FN:6,(anonymous_1)
FN:9,(anonymous_2)
FN:12,(anonymous_3)
FNF:4
FNH:4
FNDA:97,usePrefersReducedMotion
FNDA:65,(anonymous_1)
FNDA:66,(anonymous_2)
FNDA:65,(anonymous_3)
DA:4,97
DA:6,97
DA:7,65
DA:8,65
DA:9,66
DA:10,65
DA:11,65
DA:12,65
DA:15,97
LF:9
LH:9
BRDA:7,0,0,0
BRDA:7,0,1,65
BRDA:7,1,0,65
BRDA:7,1,1,65
BRF:4
BRH:3
end_of_record
TN:
SF:src\hooks\use-toast.js
FN:8,genId
FN:15,(anonymous_1)
FN:20,(anonymous_2)
FN:31,(anonymous_3)
FN:42,(anonymous_4)
FN:53,(anonymous_5)
FN:60,(anonymous_6)
FN:79,(anonymous_7)
FN:88,dispatch
FN:90,(anonymous_9)
FN:95,toast
FN:98,(anonymous_11)
FN:103,(anonymous_12)
FN:111,(anonymous_13)
FN:124,useToast
FN:127,(anonymous_15)
FN:129,(anonymous_16)
FN:140,(anonymous_17)
FNF:18
FNH:6
FNDA:0,genId
FNDA:3,(anonymous_1)
FNDA:0,(anonymous_2)
FNDA:7,(anonymous_3)
FNDA:1,(anonymous_4)
FNDA:2,(anonymous_5)
FNDA:3,(anonymous_6)
FNDA:2,(anonymous_7)
FNDA:0,dispatch
FNDA:0,(anonymous_9)
FNDA:0,toast
FNDA:0,(anonymous_11)
FNDA:0,(anonymous_12)
FNDA:0,(anonymous_13)
FNDA:0,useToast
FNDA:0,(anonymous_15)
FNDA:0,(anonymous_16)
FNDA:0,(anonymous_17)
DA:3,1
DA:4,1
DA:6,1
DA:9,0
DA:10,0
DA:13,1
DA:15,1
DA:16,3
DA:17,1
DA:20,2
DA:21,0
DA:22,0
DA:28,2
DA:31,1
DA:32,7
DA:34,2
DA:40,1
DA:43,1
DA:48,2
DA:50,2
DA:51,1
DA:53,1
DA:54,2
DA:58,2
DA:61,3
DA:71,2
DA:72,1
DA:77,1
DA:79,2
DA:84,1
DA:86,1
DA:89,0
DA:90,0
DA:91,0
DA:96,0
DA:98,0
DA:99,0
DA:103,0
DA:105,0
DA:112,0
DA:117,0
DA:125,0
DA:127,0
DA:128,0
DA:129,0
DA:130,0
DA:131,0
DA:132,0
DA:137,0
DA:140,0
LF:50
LH:27
BRDA:16,0,0,1
BRDA:16,0,1,2
BRDA:32,1,0,2
BRDA:32,1,1,1
BRDA:32,1,2,2
BRDA:32,1,3,2
BRDA:43,2,0,1
BRDA:43,2,1,0
BRDA:50,3,0,1
BRDA:50,3,1,1
BRDA:61,4,0,3
BRDA:61,4,1,0
BRDA:61,5,0,3
BRDA:61,5,1,2
BRDA:71,6,0,1
BRDA:71,6,1,1
BRDA:112,7,0,0
BRDA:112,7,1,0
BRDA:131,8,0,0
BRDA:131,8,1,0
BRF:20
BRH:14
end_of_record
TN:
SF:src\lib\utils.js
FN:4,cn
FNF:1
FNH:1
FNDA:34,cn
DA:5,34
LF:1
LH:1
BRF:0
BRH:0
end_of_record
TN:
SF:src\pages\Index.jsx
FN:14,(anonymous_0)
FN:15,(anonymous_1)
FN:17,(anonymous_2)
FN:110,PrefetchLazyChunks
FN:111,(anonymous_4)
FN:112,(anonymous_5)
FN:116,(anonymous_6)
FNF:7
FNH:6
FNDA:1,(anonymous_0)
FNDA:1,(anonymous_1)
FNDA:1,(anonymous_2)
FNDA:1,PrefetchLazyChunks
FNDA:1,(anonymous_4)
FNDA:0,(anonymous_5)
FNDA:1,(anonymous_6)
DA:14,1
DA:15,1
DA:17,1
DA:18,1
DA:23,1
DA:111,1
DA:112,1
DA:113,0
DA:114,0
DA:116,1
DA:118,1
LF:11
LH:9
BRF:0
BRH:0
end_of_record
TN:
SF:src\pages\NotFound.jsx
FN:4,(anonymous_0)
FN:7,(anonymous_1)
FNF:2
FNH:2
FNDA:1,(anonymous_0)
FNDA:1,(anonymous_1)
DA:4,1
DA:5,1
DA:7,1
DA:8,1
DA:14,1
LF:5
LH:5
BRF:0
BRH:0
end_of_record
