TN:
SF:src\App.jsx
FN:15,(anonymous_0)
FN:28,(anonymous_1)
FNF:2
FNH:2
FNDA:1,(anonymous_0)
FNDA:1,(anonymous_1)
DA:13,1
DA:15,1
DA:16,1
DA:17,1
DA:28,1
DA:29,1
LF:6
LH:6
BRF:0
BRH:0
end_of_record
TN:
SF:src\components\Achievements.jsx
FN:11,(anonymous_0)
FN:82,(anonymous_1)
FN:185,(anonymous_2)
FNF:3
FNH:3
FNDA:2,(anonymous_0)
FNDA:5,(anonymous_1)
FNDA:4,(anonymous_2)
DA:11,3
DA:12,2
DA:39,2
DA:62,2
DA:83,5
DA:85,5
DA:125,5
DA:186,4
LF:8
LH:8
BRDA:12,0,0,2
BRDA:12,0,1,1
BRDA:39,1,0,2
BRDA:39,1,1,1
BRDA:130,2,0,4
BRDA:130,2,1,1
BRF:6
BRH:6
end_of_record
TN:
SF:src\components\Contact.jsx
FN:6,(anonymous_0)
FN:8,(anonymous_1)
FN:97,(anonymous_2)
FNF:3
FNH:3
FNDA:6,(anonymous_0)
FNDA:4,(anonymous_1)
FNDA:18,(anonymous_2)
DA:6,4
DA:8,6
DA:9,4
DA:10,4
DA:11,4
DA:12,4
DA:13,4
DA:14,4
DA:16,4
DA:17,4
DA:23,4
DA:24,4
DA:29,4
DA:30,4
DA:31,4
DA:32,2
DA:38,2
DA:39,2
DA:41,1
DA:44,6
DA:65,6
DA:98,18
DA:99,18
LF:23
LH:23
BRDA:6,0,0,3
BRDA:12,1,0,4
BRDA:12,1,1,0
BRDA:13,2,0,4
BRDA:13,2,1,0
BRDA:14,3,0,4
BRDA:14,3,1,0
BRDA:16,4,0,4
BRDA:16,4,1,0
BRDA:18,5,0,4
BRDA:18,5,1,0
BRDA:19,6,0,4
BRDA:19,6,1,0
BRDA:21,7,0,4
BRDA:21,7,1,0
BRDA:30,8,0,4
BRDA:30,8,1,0
BRF:17
BRH:9
end_of_record
TN:
SF:src\components\Education.jsx
FN:6,(anonymous_0)
FN:52,(anonymous_1)
FNF:2
FNH:2
FNDA:3,(anonymous_0)
FNDA:9,(anonymous_1)
DA:6,3
DA:7,3
DA:32,3
DA:53,9
LF:4
LH:4
BRDA:109,0,0,9
BRDA:109,0,1,3
BRF:2
BRH:2
end_of_record
TN:
SF:src\components\ErrorBoundary.jsx
FN:4,(anonymous_0)
FN:10,(anonymous_1)
FN:14,(anonymous_2)
FN:20,(anonymous_3)
FN:35,(anonymous_4)
FNF:5
FNH:5
FNDA:3,(anonymous_0)
FNDA:2,(anonymous_1)
FNDA:1,(anonymous_2)
FNDA:1,(anonymous_3)
FNDA:5,(anonymous_4)
DA:5,3
DA:6,2
DA:7,2
DA:11,2
DA:16,1
DA:17,1
DA:23,1
DA:24,1
DA:25,1
DA:28,0
DA:36,5
DA:37,3
DA:56,2
LF:13
LH:12
BRDA:24,0,0,1
BRDA:24,0,1,0
BRDA:36,1,0,3
BRDA:36,1,1,2
BRDA:44,2,0,3
BRDA:44,2,1,3
BRDA:46,3,0,3
BRDA:46,3,1,0
BRF:8
BRH:6
end_of_record
TN:
SF:src\components\Experience.jsx
FN:6,(anonymous_0)
FN:59,(anonymous_1)
FN:132,(anonymous_2)
FN:148,(anonymous_3)
FNF:4
FNH:4
FNDA:3,(anonymous_0)
FNDA:6,(anonymous_1)
FNDA:21,(anonymous_2)
FNDA:30,(anonymous_3)
DA:6,3
DA:7,3
DA:39,3
DA:60,6
DA:133,21
DA:149,30
LF:6
LH:6
BRDA:66,0,0,6
BRDA:66,0,1,3
BRF:2
BRH:2
end_of_record
TN:
SF:src\components\Header.jsx
FN:7,(anonymous_0)
FN:14,(anonymous_1)
FN:15,(anonymous_2)
FN:16,(anonymous_3)
FN:19,(anonymous_4)
FN:26,(anonymous_5)
FN:32,(anonymous_6)
FN:37,(anonymous_7)
FN:38,(anonymous_8)
FN:42,(anonymous_9)
FN:46,(anonymous_10)
FN:47,(anonymous_11)
FN:56,(anonymous_12)
FN:63,(anonymous_13)
FN:64,(anonymous_14)
FN:81,(anonymous_15)
FN:95,(anonymous_16)
FN:138,(anonymous_17)
FN:141,(anonymous_18)
FN:167,(anonymous_19)
FN:185,(anonymous_20)
FN:189,(anonymous_21)
FN:192,(anonymous_22)
FNF:23
FNH:22
FNDA:24,(anonymous_0)
FNDA:12,(anonymous_1)
FNDA:1,(anonymous_2)
FNDA:1,(anonymous_3)
FNDA:12,(anonymous_4)
FNDA:18,(anonymous_5)
FNDA:18,(anonymous_6)
FNDA:12,(anonymous_7)
FNDA:2,(anonymous_8)
FNDA:12,(anonymous_9)
FNDA:12,(anonymous_10)
FNDA:15,(anonymous_11)
FNDA:12,(anonymous_12)
FNDA:12,(anonymous_13)
FNDA:13,(anonymous_14)
FNDA:12,(anonymous_15)
FNDA:1,(anonymous_16)
FNDA:176,(anonymous_17)
FNDA:1,(anonymous_18)
FNDA:5,(anonymous_19)
FNDA:1,(anonymous_20)
FNDA:24,(anonymous_21)
FNDA:0,(anonymous_22)
DA:7,6
DA:8,24
DA:9,22
DA:11,22
DA:14,22
DA:15,12
DA:16,12
DA:17,12
DA:18,12
DA:19,12
DA:20,12
DA:21,12
DA:26,22
DA:27,18
DA:28,3
DA:30,15
DA:32,18
DA:33,18
DA:37,22
DA:38,12
DA:39,2
DA:41,12
DA:42,12
DA:46,22
DA:47,12
DA:48,15
DA:49,15
DA:50,15
DA:51,15
DA:53,12
DA:54,12
DA:55,12
DA:56,12
DA:57,12
DA:58,12
DA:63,22
DA:64,12
DA:65,13
DA:66,10
DA:68,10
DA:69,10
DA:70,6
DA:71,6
DA:72,6
DA:73,6
DA:74,6
DA:79,12
DA:80,12
DA:81,12
DA:84,22
DA:95,22
DA:96,1
DA:97,1
DA:99,1
DA:100,1
DA:101,1
DA:102,1
DA:103,1
DA:105,1
DA:110,22
DA:139,176
DA:141,1
DA:167,5
DA:185,1
DA:190,24
DA:192,0
LF:66
LH:65
BRDA:27,0,0,3
BRDA:27,0,1,15
BRDA:49,1,0,15
BRDA:49,1,1,0
BRDA:65,2,0,10
BRDA:65,2,1,3
BRDA:69,3,0,6
BRDA:69,3,1,4
BRDA:71,4,0,6
BRDA:71,4,1,0
BRDA:97,5,0,1
BRDA:97,5,1,0
BRDA:100,6,0,1
BRDA:100,6,1,0
BRDA:113,7,0,1
BRDA:113,7,1,21
BRDA:118,8,0,22
BRDA:118,8,1,1
BRDA:151,9,0,22
BRDA:151,9,1,22
BRDA:173,10,0,3
BRDA:173,10,1,19
BRDA:182,11,0,22
BRDA:182,11,1,3
BRDA:199,12,0,3
BRDA:199,12,1,3
BRF:26
BRH:22
end_of_record
TN:
SF:src\components\Hero.jsx
FN:12,(anonymous_0)
FN:19,(anonymous_1)
FN:35,(anonymous_2)
FN:45,(anonymous_3)
FN:53,(anonymous_4)
FN:111,(anonymous_5)
FNF:6
FNH:5
FNDA:9,(anonymous_0)
FNDA:1,(anonymous_1)
FNDA:1,(anonymous_2)
FNDA:7,(anonymous_3)
FNDA:7,(anonymous_4)
FNDA:0,(anonymous_5)
DA:12,5
DA:15,9
DA:16,9
DA:17,9
DA:19,9
DA:20,1
DA:21,1
DA:22,1
DA:23,1
DA:24,1
DA:25,1
DA:26,1
DA:27,1
DA:28,1
DA:29,1
DA:30,1
DA:31,1
DA:32,1
DA:35,9
DA:38,9
DA:39,9
DA:40,9
DA:41,9
DA:42,9
DA:45,9
DA:46,7
DA:47,7
DA:48,7
DA:49,7
DA:51,7
DA:52,7
DA:53,7
DA:54,7
DA:60,9
DA:111,0
LF:35
LH:34
BRDA:21,0,0,0
BRDA:21,0,1,1
BRDA:40,1,0,1
BRDA:40,1,1,8
BRDA:41,2,0,1
BRDA:41,2,1,8
BRDA:42,3,0,1
BRDA:42,3,1,8
BRDA:64,4,0,1
BRDA:64,4,1,8
BRDA:65,5,0,1
BRDA:65,5,1,8
BRDA:66,6,0,1
BRDA:66,6,1,8
BRDA:275,7,0,9
BRDA:275,7,1,9
BRF:16
BRH:15
end_of_record
TN:
SF:src\components\PageTransition.jsx
FN:9,PageTransition
FNF:1
FNH:1
FNDA:2,PageTransition
DA:3,2
DA:10,2
LF:2
LH:2
BRDA:9,0,0,2
BRF:1
BRH:1
end_of_record
TN:
SF:src\components\ProfileAvatar.react.jsx
FN:16,ProfileAvatar
FN:33,(anonymous_1)
FN:45,(anonymous_2)
FNF:3
FNH:3
FNDA:3,ProfileAvatar
FNDA:1,(anonymous_1)
FNDA:1,(anonymous_2)
DA:23,3
DA:24,3
DA:27,3
DA:28,3
DA:29,3
DA:30,3
DA:31,3
DA:33,3
DA:34,1
DA:35,1
DA:36,1
DA:37,1
DA:38,1
DA:39,1
DA:40,1
DA:41,1
DA:42,1
DA:43,1
DA:45,3
DA:46,1
DA:47,1
DA:51,3
DA:55,3
DA:59,3
LF:24
LH:24
BRDA:18,0,0,0
BRDA:19,1,0,1
BRDA:20,2,0,3
BRDA:35,3,0,0
BRDA:35,3,1,1
BRDA:51,4,0,1
BRDA:51,4,1,2
BRDA:55,5,0,1
BRDA:55,5,1,2
BRDA:66,6,0,3
BRDA:66,6,1,2
BRDA:73,7,0,1
BRDA:73,7,1,2
BRDA:108,8,0,1
BRDA:108,8,1,2
BRF:15
BRH:13
end_of_record
TN:
SF:src\components\Projects.jsx
FN:7,(anonymous_0)
FN:61,(anonymous_1)
FN:106,(anonymous_2)
FN:128,(anonymous_3)
FNF:4
FNH:4
FNDA:2,(anonymous_0)
FNDA:4,(anonymous_1)
FNDA:8,(anonymous_2)
FNDA:11,(anonymous_3)
DA:7,3
DA:8,2
DA:41,2
DA:62,4
DA:63,4
DA:107,8
DA:129,11
LF:7
LH:7
BRDA:8,0,0,2
BRDA:8,0,1,1
BRDA:145,1,0,3
BRDA:145,1,1,1
BRDA:160,2,0,3
BRDA:160,2,1,1
BRF:6
BRH:6
end_of_record
TN:
SF:src\components\ScrollDown.jsx
FN:3,(anonymous_0)
FN:4,(anonymous_1)
FNF:2
FNH:2
FNDA:2,(anonymous_0)
FNDA:2,(anonymous_1)
DA:3,1
DA:4,2
DA:5,2
DA:6,2
DA:7,1
DA:8,1
DA:11,1
DA:12,1
DA:15,2
LF:9
LH:9
BRDA:6,0,0,1
BRDA:6,0,1,1
BRDA:6,1,0,2
BRDA:6,1,1,1
BRDA:11,2,0,1
BRDA:11,2,1,1
BRF:6
BRH:6
end_of_record
TN:
SF:src\components\ScrollProgress.jsx
FN:4,ScrollProgress
FN:12,(anonymous_1)
FN:20,(anonymous_2)
FN:23,(anonymous_3)
FN:33,(anonymous_4)
FN:39,(anonymous_5)
FN:45,(anonymous_6)
FN:53,(anonymous_7)
FN:87,(anonymous_8)
FNF:9
FNH:8
FNDA:11,ScrollProgress
FNDA:22,(anonymous_1)
FNDA:11,(anonymous_2)
FNDA:15,(anonymous_3)
FNDA:5,(anonymous_4)
FNDA:1,(anonymous_5)
FNDA:0,(anonymous_6)
FNDA:11,(anonymous_7)
FNDA:22,(anonymous_8)
DA:5,11
DA:8,11
DA:9,11
DA:12,22
DA:13,11
DA:14,11
DA:17,11
DA:18,11
DA:20,11
DA:21,11
DA:23,11
DA:24,15
DA:26,15
DA:27,15
DA:28,15
DA:29,15
DA:30,15
DA:33,11
DA:34,5
DA:35,4
DA:36,4
DA:39,11
DA:41,1
DA:45,11
DA:46,11
DA:48,11
DA:49,11
DA:51,11
DA:53,11
DA:54,11
DA:55,11
DA:56,11
DA:57,11
DA:61,11
DA:87,22
LF:35
LH:35
BRDA:26,0,0,15
BRDA:26,0,1,11
BRDA:26,0,2,9
BRDA:34,1,0,1
BRDA:34,1,1,4
BRDA:78,2,0,1
BRDA:78,2,1,10
BRDA:79,3,0,1
BRDA:79,3,1,10
BRDA:92,4,0,1
BRDA:92,4,1,10
BRDA:93,5,0,1
BRDA:93,5,1,10
BRDA:106,6,0,1
BRDA:106,6,1,10
BRDA:107,7,0,1
BRDA:107,7,1,10
BRF:17
BRH:17
end_of_record
TN:
SF:src\components\ScrollToTop.jsx
FN:5,(anonymous_0)
FN:12,(anonymous_1)
FN:16,(anonymous_2)
FN:26,(anonymous_3)
FN:31,(anonymous_4)
FN:33,(anonymous_5)
FN:40,(anonymous_6)
FN:48,(anonymous_7)
FNF:8
FNH:6
FNDA:9,(anonymous_0)
FNDA:6,(anonymous_1)
FNDA:6,(anonymous_2)
FNDA:4,(anonymous_3)
FNDA:0,(anonymous_4)
FNDA:0,(anonymous_5)
FNDA:6,(anonymous_6)
FNDA:2,(anonymous_7)
DA:5,3
DA:6,9
DA:7,9
DA:8,9
DA:9,9
DA:10,9
DA:12,9
DA:13,6
DA:14,6
DA:16,6
DA:17,6
DA:18,6
DA:19,6
DA:20,6
DA:21,6
DA:23,6
DA:26,6
DA:27,4
DA:28,4
DA:29,4
DA:31,6
DA:33,6
DA:34,6
DA:36,6
DA:37,6
DA:38,6
DA:40,6
DA:41,6
DA:42,6
DA:43,6
DA:44,6
DA:48,9
DA:51,2
DA:54,2
DA:55,2
DA:58,9
DA:59,9
DA:60,9
DA:62,9
LF:39
LH:39
BRDA:14,0,0,6
BRDA:14,0,1,6
BRDA:18,1,0,6
BRDA:18,1,1,3
BRDA:18,1,2,3
BRDA:23,2,0,6
BRDA:23,2,1,3
BRDA:27,3,0,0
BRDA:27,3,1,4
BRDA:51,4,0,2
BRDA:51,4,1,2
BRDA:51,4,2,2
BRDA:54,5,0,1
BRDA:54,5,1,1
BRDA:54,6,0,2
BRDA:54,6,1,2
BRDA:66,7,0,3
BRDA:66,7,1,6
BRF:18
BRH:17
end_of_record
TN:
SF:src\components\SectionDivider.jsx
FN:1,(anonymous_0)
FNF:1
FNH:1
FNDA:13,(anonymous_0)
DA:1,3
DA:2,13
LF:2
LH:2
BRF:0
BRH:0
end_of_record
TN:
SF:src\components\Skills.jsx
FN:6,(anonymous_0)
FN:70,(anonymous_1)
FN:115,(anonymous_2)
FNF:3
FNH:3
FNDA:3,(anonymous_0)
FNDA:18,(anonymous_1)
FNDA:120,(anonymous_2)
DA:6,3
DA:7,3
DA:46,3
DA:51,3
DA:71,18
DA:72,18
DA:116,120
LF:7
LH:7
BRF:0
BRH:0
end_of_record
TN:
SF:src\components\Volunteering.jsx
FN:5,(anonymous_0)
FN:57,(anonymous_1)
FN:97,(anonymous_2)
FNF:3
FNH:3
FNDA:3,(anonymous_0)
FNDA:9,(anonymous_1)
FNDA:21,(anonymous_2)
DA:5,3
DA:6,3
DA:42,3
DA:58,9
DA:59,9
DA:98,21
LF:6
LH:6
BRDA:58,0,0,9
BRDA:58,0,1,0
BRDA:95,1,0,9
BRDA:95,1,1,6
BRF:4
BRH:3
end_of_record
TN:
SF:src\config\site.js
FNF:0
FNH:0
DA:4,9
DA:7,9
LF:2
LH:2
BRF:0
BRH:0
end_of_record
TN:
SF:src\hooks\use-mobile.jsx
FN:5,useIsMobile
FN:8,(anonymous_1)
FN:10,(anonymous_2)
FN:16,(anonymous_3)
FNF:4
FNH:4
FNDA:8,useIsMobile
FNDA:3,(anonymous_1)
FNDA:2,(anonymous_2)
FNDA:3,(anonymous_3)
DA:3,3
DA:6,8
DA:8,8
DA:9,3
DA:10,3
DA:11,2
DA:13,3
DA:14,2
DA:15,3
DA:16,3
DA:17,3
DA:18,2
DA:22,8
LF:13
LH:13
BRDA:13,0,0,1
BRDA:13,0,1,2
BRDA:14,1,0,1
BRDA:14,1,1,1
BRDA:17,2,0,1
BRDA:17,2,1,2
BRDA:18,3,0,1
BRDA:18,3,1,1
BRF:8
BRH:8
end_of_record
TN:
SF:src\hooks\use-reduced-motion.js
FN:3,usePrefersReducedMotion
FN:6,(anonymous_1)
FN:9,(anonymous_2)
FN:12,(anonymous_3)
FNF:4
FNH:4
FNDA:174,usePrefersReducedMotion
FNDA:102,(anonymous_1)
FNDA:103,(anonymous_2)
FNDA:102,(anonymous_3)
DA:4,174
DA:6,174
DA:7,102
DA:8,102
DA:9,103
DA:10,102
DA:11,102
DA:12,102
DA:15,174
LF:9
LH:9
BRDA:7,0,0,0
BRDA:7,0,1,102
BRDA:7,1,0,102
BRDA:7,1,1,102
BRF:4
BRH:3
end_of_record
TN:
SF:src\hooks\use-toast.js
FN:8,genId
FN:15,(anonymous_1)
FN:20,(anonymous_2)
FN:31,(anonymous_3)
FN:42,(anonymous_4)
FN:53,(anonymous_5)
FN:60,(anonymous_6)
FN:79,(anonymous_7)
FN:88,dispatch
FN:90,(anonymous_9)
FN:95,toast
FN:98,(anonymous_11)
FN:103,(anonymous_12)
FN:111,(anonymous_13)
FN:124,useToast
FN:127,(anonymous_15)
FN:129,(anonymous_16)
FN:140,(anonymous_17)
FNF:18
FNH:18
FNDA:7,genId
FNDA:8,(anonymous_1)
FNDA:2,(anonymous_2)
FNDA:23,(anonymous_3)
FNDA:3,(anonymous_4)
FNDA:4,(anonymous_5)
FNDA:8,(anonymous_6)
FNDA:4,(anonymous_7)
FNDA:16,dispatch
FNDA:16,(anonymous_9)
FNDA:7,toast
FNDA:2,(anonymous_11)
FNDA:3,(anonymous_12)
FNDA:1,(anonymous_13)
FNDA:20,useToast
FNDA:6,(anonymous_15)
FNDA:6,(anonymous_16)
FNDA:2,(anonymous_17)
DA:3,5
DA:4,5
DA:6,5
DA:9,7
DA:10,7
DA:13,5
DA:15,5
DA:16,8
DA:17,2
DA:20,6
DA:21,2
DA:22,2
DA:28,6
DA:31,5
DA:32,23
DA:34,9
DA:40,3
DA:43,3
DA:48,7
DA:50,7
DA:51,4
DA:53,3
DA:54,4
DA:58,7
DA:61,8
DA:71,4
DA:72,1
DA:77,3
DA:79,4
DA:84,5
DA:86,5
DA:89,16
DA:90,16
DA:91,16
DA:96,7
DA:98,7
DA:99,2
DA:103,7
DA:105,7
DA:112,1
DA:117,7
DA:125,20
DA:127,20
DA:128,6
DA:129,6
DA:130,6
DA:131,6
DA:132,6
DA:137,20
DA:140,2
LF:50
LH:50
BRDA:16,0,0,2
BRDA:16,0,1,6
BRDA:32,1,0,9
BRDA:32,1,1,3
BRDA:32,1,2,7
BRDA:32,1,3,4
BRDA:43,2,0,3
BRDA:43,2,1,0
BRDA:50,3,0,4
BRDA:50,3,1,3
BRDA:61,4,0,8
BRDA:61,4,1,0
BRDA:61,5,0,8
BRDA:61,5,1,4
BRDA:71,6,0,1
BRDA:71,6,1,3
BRDA:112,7,0,1
BRDA:112,7,1,0
BRDA:131,8,0,6
BRDA:131,8,1,0
BRF:20
BRH:16
end_of_record
TN:
SF:src\lib\utils.js
FN:4,cn
FNF:1
FNH:1
FNDA:73,cn
DA:5,73
LF:1
LH:1
BRF:0
BRH:0
end_of_record
TN:
SF:src\pages\Index.jsx
FN:14,(anonymous_0)
FN:15,(anonymous_1)
FN:17,(anonymous_2)
FN:110,PrefetchLazyChunks
FN:111,(anonymous_4)
FN:112,(anonymous_5)
FN:116,(anonymous_6)
FNF:7
FNH:6
FNDA:2,(anonymous_0)
FNDA:2,(anonymous_1)
FNDA:2,(anonymous_2)
FNDA:2,PrefetchLazyChunks
FNDA:2,(anonymous_4)
FNDA:0,(anonymous_5)
FNDA:2,(anonymous_6)
DA:14,2
DA:15,2
DA:17,2
DA:18,2
DA:23,2
DA:111,2
DA:112,2
DA:113,0
DA:114,0
DA:116,2
DA:118,2
LF:11
LH:9
BRF:0
BRH:0
end_of_record
TN:
SF:src\pages\NotFound.jsx
FN:4,(anonymous_0)
FN:7,(anonymous_1)
FNF:2
FNH:2
FNDA:1,(anonymous_0)
FNDA:1,(anonymous_1)
DA:4,2
DA:5,1
DA:7,1
DA:8,1
DA:14,1
LF:5
LH:5
BRF:0
BRH:0
end_of_record
